2014-02-09T09:53:24+00:00 ERR (3): 
exception 'Zend_Mail_Transport_Exception' with message 'Unable to send mail. ' in /home/veljko/projects/grandcrustore/lib/Zend/Mail/Transport/Sendmail.php:137
Stack trace:
#0 /home/veljko/projects/grandcrustore/lib/Zend/Mail/Transport/Abstract.php(348): Zend_Mail_Transport_Sendmail->_sendMail()
#1 /home/veljko/projects/grandcrustore/lib/Zend/Mail.php(1194): Zend_Mail_Transport_Abstract->send(Object(Zend_Mail))
#2 /home/veljko/projects/grandcrustore/app/code/core/Mage/Core/Model/Email/Template.php(454): Zend_Mail->send()
#3 /home/veljko/projects/grandcrustore/app/code/core/Mage/Core/Model/Email/Template.php(506): Mage_Core_Model_Email_Template->send(Array, Array, Array)
#4 /home/veljko/projects/grandcrustore/app/code/core/Mage/Core/Model/Email/Template/Mailer.php(79): Mage_Core_Model_Email_Template->sendTransactional('customer_create...', 'general', Array, Array, Array, '1')
#5 /home/veljko/projects/grandcrustore/app/code/core/Mage/Customer/Model/Customer.php(676): Mage_Core_Model_Email_Template_Mailer->send()
#6 /home/veljko/projects/grandcrustore/app/code/core/Mage/Customer/Model/Customer.php(603): Mage_Customer_Model_Customer->_sendEmailTemplate('customer/create...', 'customer/create...', Array, '1')
#7 /home/veljko/projects/grandcrustore/app/code/core/Mage/Customer/controllers/AccountController.php(551): Mage_Customer_Model_Customer->sendNewAccountEmail('registered', '', '1')
#8 /home/veljko/projects/grandcrustore/app/code/core/Mage/Customer/controllers/AccountController.php(337): Mage_Customer_AccountController->_welcomeCustomer(Object(Mage_Customer_Model_Customer))
#9 /home/veljko/projects/grandcrustore/app/code/core/Mage/Customer/controllers/AccountController.php(288): Mage_Customer_AccountController->_successProcessRegistration(Object(Mage_Customer_Model_Customer))
#10 /home/veljko/projects/grandcrustore/app/code/core/Mage/Core/Controller/Varien/Action.php(418): Mage_Customer_AccountController->createPostAction()
#11 /home/veljko/projects/grandcrustore/app/code/core/Mage/Core/Controller/Varien/Router/Standard.php(250): Mage_Core_Controller_Varien_Action->dispatch('createpost')
#12 /home/veljko/projects/grandcrustore/app/code/core/Mage/Core/Controller/Varien/Front.php(172): Mage_Core_Controller_Varien_Router_Standard->match(Object(Mage_Core_Controller_Request_Http))
#13 /home/veljko/projects/grandcrustore/app/code/core/Mage/Core/Model/App.php(354): Mage_Core_Controller_Varien_Front->dispatch()
#14 /home/veljko/projects/grandcrustore/app/Mage.php(684): Mage_Core_Model_App->run(Array)
#15 /home/veljko/projects/grandcrustore/index.php(87): Mage::run('', 'store')
#16 {main}
2014-02-20T17:46:16+00:00 ERR (3): 
exception 'PDOException' with message 'SQLSTATE[23000]: Integrity constraint violation: 1452 Cannot add or update a child row: a foreign key constraint fails (`grandcrustore`.`catalog_product_entity`, CONSTRAINT `FK_CAT_PRD_ENTT_ATTR_SET_ID_EAV_ATTR_SET_ATTR_SET_ID` FOREIGN KEY (`attribute_set_id`) REFERENCES `eav_attribute_set` (`attribute_set_id`))' in /home/veljko/projects/grandcrustore/lib/Zend/Db/Statement/Pdo.php:228
Stack trace:
#0 /home/veljko/projects/grandcrustore/lib/Zend/Db/Statement/Pdo.php(228): PDOStatement->execute(Array)
#1 /home/veljko/projects/grandcrustore/lib/Varien/Db/Statement/Pdo/Mysql.php(110): Zend_Db_Statement_Pdo->_execute(Array)
#2 /home/veljko/projects/grandcrustore/app/code/core/Zend/Db/Statement.php(291): Varien_Db_Statement_Pdo_Mysql->_execute(Array)
#3 /home/veljko/projects/grandcrustore/lib/Zend/Db/Adapter/Abstract.php(479): Zend_Db_Statement->execute(Array)
#4 /home/veljko/projects/grandcrustore/lib/Zend/Db/Adapter/Pdo/Abstract.php(238): Zend_Db_Adapter_Abstract->query('INSERT INTO `ca...', Array)
#5 /home/veljko/projects/grandcrustore/lib/Varien/Db/Adapter/Pdo/Mysql.php(428): Zend_Db_Adapter_Pdo_Abstract->query('INSERT INTO `ca...', Array)
#6 /home/veljko/projects/grandcrustore/lib/Zend/Db/Adapter/Abstract.php(574): Varien_Db_Adapter_Pdo_Mysql->query('INSERT INTO `ca...', Array)
#7 /home/veljko/projects/grandcrustore/app/code/core/Mage/Eav/Model/Entity/Abstract.php(1351): Zend_Db_Adapter_Abstract->insert('catalog_product...', Array)
#8 /home/veljko/projects/grandcrustore/app/code/core/Mage/Eav/Model/Entity/Abstract.php(1123): Mage_Eav_Model_Entity_Abstract->_processSaveData(Array)
#9 /home/veljko/projects/grandcrustore/app/code/core/Mage/Core/Model/Abstract.php(318): Mage_Eav_Model_Entity_Abstract->save(Object(Mage_Catalog_Model_Product))
#10 /home/veljko/projects/grandcrustore/app/code/core/Mage/Adminhtml/controllers/Catalog/ProductController.php(728): Mage_Core_Model_Abstract->save()
#11 /home/veljko/projects/grandcrustore/app/code/core/Mage/Core/Controller/Varien/Action.php(418): Mage_Adminhtml_Catalog_ProductController->saveAction()
#12 /home/veljko/projects/grandcrustore/app/code/core/Mage/Core/Controller/Varien/Router/Standard.php(250): Mage_Core_Controller_Varien_Action->dispatch('save')
#13 /home/veljko/projects/grandcrustore/app/code/core/Mage/Core/Controller/Varien/Front.php(172): Mage_Core_Controller_Varien_Router_Standard->match(Object(Mage_Core_Controller_Request_Http))
#14 /home/veljko/projects/grandcrustore/app/code/core/Mage/Core/Model/App.php(354): Mage_Core_Controller_Varien_Front->dispatch()
#15 /home/veljko/projects/grandcrustore/app/Mage.php(684): Mage_Core_Model_App->run(Array)
#16 /home/veljko/projects/grandcrustore/index.php(87): Mage::run('', 'store')
#17 {main}

Next exception 'Zend_Db_Statement_Exception' with message 'SQLSTATE[23000]: Integrity constraint violation: 1452 Cannot add or update a child row: a foreign key constraint fails (`grandcrustore`.`catalog_product_entity`, CONSTRAINT `FK_CAT_PRD_ENTT_ATTR_SET_ID_EAV_ATTR_SET_ATTR_SET_ID` FOREIGN KEY (`attribute_set_id`) REFERENCES `eav_attribute_set` (`attribute_set_id`))' in /home/veljko/projects/grandcrustore/lib/Zend/Db/Statement/Pdo.php:234
Stack trace:
#0 /home/veljko/projects/grandcrustore/lib/Varien/Db/Statement/Pdo/Mysql.php(110): Zend_Db_Statement_Pdo->_execute(Array)
#1 /home/veljko/projects/grandcrustore/app/code/core/Zend/Db/Statement.php(291): Varien_Db_Statement_Pdo_Mysql->_execute(Array)
#2 /home/veljko/projects/grandcrustore/lib/Zend/Db/Adapter/Abstract.php(479): Zend_Db_Statement->execute(Array)
#3 /home/veljko/projects/grandcrustore/lib/Zend/Db/Adapter/Pdo/Abstract.php(238): Zend_Db_Adapter_Abstract->query('INSERT INTO `ca...', Array)
#4 /home/veljko/projects/grandcrustore/lib/Varien/Db/Adapter/Pdo/Mysql.php(428): Zend_Db_Adapter_Pdo_Abstract->query('INSERT INTO `ca...', Array)
#5 /home/veljko/projects/grandcrustore/lib/Zend/Db/Adapter/Abstract.php(574): Varien_Db_Adapter_Pdo_Mysql->query('INSERT INTO `ca...', Array)
#6 /home/veljko/projects/grandcrustore/app/code/core/Mage/Eav/Model/Entity/Abstract.php(1351): Zend_Db_Adapter_Abstract->insert('catalog_product...', Array)
#7 /home/veljko/projects/grandcrustore/app/code/core/Mage/Eav/Model/Entity/Abstract.php(1123): Mage_Eav_Model_Entity_Abstract->_processSaveData(Array)
#8 /home/veljko/projects/grandcrustore/app/code/core/Mage/Core/Model/Abstract.php(318): Mage_Eav_Model_Entity_Abstract->save(Object(Mage_Catalog_Model_Product))
#9 /home/veljko/projects/grandcrustore/app/code/core/Mage/Adminhtml/controllers/Catalog/ProductController.php(728): Mage_Core_Model_Abstract->save()
#10 /home/veljko/projects/grandcrustore/app/code/core/Mage/Core/Controller/Varien/Action.php(418): Mage_Adminhtml_Catalog_ProductController->saveAction()
#11 /home/veljko/projects/grandcrustore/app/code/core/Mage/Core/Controller/Varien/Router/Standard.php(250): Mage_Core_Controller_Varien_Action->dispatch('save')
#12 /home/veljko/projects/grandcrustore/app/code/core/Mage/Core/Controller/Varien/Front.php(172): Mage_Core_Controller_Varien_Router_Standard->match(Object(Mage_Core_Controller_Request_Http))
#13 /home/veljko/projects/grandcrustore/app/code/core/Mage/Core/Model/App.php(354): Mage_Core_Controller_Varien_Front->dispatch()
#14 /home/veljko/projects/grandcrustore/app/Mage.php(684): Mage_Core_Model_App->run(Array)
#15 /home/veljko/projects/grandcrustore/index.php(87): Mage::run('', 'store')
#16 {main}
